time="2021-04-20T14:34:35+07:00" level=fatal msg="Koneksi Ke Database Gagal"
time="2021-04-20T14:36:20+07:00" level=fatal msg="Koneksi Ke Database Gagal"
time="2021-04-20T14:47:40+07:00" level=info msg="start listen and serve at 8081"
time="2021-04-20T14:50:42+07:00" level=error msg="500 Internal Server Error"
time="2021-04-20T14:56:18+07:00" level=info msg="start listen and serve at 8081"
time="2021-04-20T15:02:05+07:00" level=info msg="start listen and serve at 8081"
time="2021-04-20T15:05:11+07:00" level=info msg="start listen and serve at 8081"
time="2021-04-20T15:07:51+07:00" level=info msg="start listen and serve at 8081"
time="2021-04-20T15:10:46+07:00" level=info msg="start listen and serve at 8081"
time="2021-04-20T15:22:22+07:00" level=info msg="start listen and serve at 8081"
time="2021-04-20T15:25:27+07:00" level=info msg="start listen and serve at 8081"
time="2021-04-20T15:26:49+07:00" level=info msg="start listen and serve at 8081"
time="2021-04-20T15:28:05+07:00" level=info msg="start listen and serve at 8081"
time="2021-04-20T15:30:19+07:00" level=info msg="start listen and serve at 8081"
time="2021-04-20T15:31:26+07:00" level=info msg="start listen and serve at 8081"
time="2021-04-20T15:32:11+07:00" level=info msg="start listen and serve at 8081"
time="2021-04-20T15:38:27+07:00" level=info msg="start listen and serve at 8081"
time="2021-04-20T15:44:16+07:00" level=info msg="start listen and serve at 8081"
time="2021-04-20T15:46:46+07:00" level=info msg="start listen and serve at 8081"
time="2021-04-20T16:46:04+07:00" level=info msg="start listen and serve at 8081"
time="2021-04-20T16:46:22+07:00" level=error msg="ERROR: syntax error at or near \"1\" (SQLSTATE 42601)"
time="2021-04-20T16:47:16+07:00" level=info msg="start listen and serve at 8081"
time="2021-04-20T16:47:28+07:00" level=error msg="ERROR: syntax error at or near \"1\" (SQLSTATE 42601)"
time="2021-04-20T16:48:51+07:00" level=info msg="start listen and serve at 8081"
time="2021-04-20T16:50:18+07:00" level=info msg="start listen and serve at 8081"
time="2021-04-20T16:54:00+07:00" level=info msg="start listen and serve at 8081"
time="2021-04-20T16:55:36+07:00" level=info msg="start listen and serve at 8081"
time="2021-04-20T16:57:39+07:00" level=info msg="start listen and serve at 8081"
time="2021-04-20T16:57:47+07:00" level=error msg="ERROR: syntax error at or near \"1\" (SQLSTATE 42601)"
time="2021-04-20T16:59:22+07:00" level=info msg="start listen and serve at 8081"
time="2021-04-20T17:03:52+07:00" level=info msg="start listen and serve at 8081"
time="2021-04-20T17:06:07+07:00" level=info msg="start listen and serve at 8081"
time="2021-04-20T17:06:15+07:00" level=info msg="{0 0 0}"
time="2021-04-20T17:07:21+07:00" level=info msg="start listen and serve at 8081"
time="2021-04-20T17:07:32+07:00" level=info msg="{0 0 0}"
time="2021-04-20T17:08:33+07:00" level=info msg="start listen and serve at 8081"
time="2021-04-20T17:08:44+07:00" level=info msg="{0 0 0}"
time="2021-04-20T17:10:46+07:00" level=info msg="start listen and serve at 8081"
time="2021-04-20T17:10:54+07:00" level=error msg="sql: expected 3 destination arguments in Scan, not 1"
